[    0.000000] Linux version 4.15.0-200-generic (buildd@lcy02-amd64-069) (gcc version 7.5.0 (Ubuntu 7.5.0-3ubuntu1~18.04)) #211-Ubuntu SMP Thu Nov 24 18:16:04 UTC 2022 (Ubuntu 4.15.0-200.211-generic 4.15.18)
[    0.000000] Command line: BOOT_IMAGE=/boot/vmlinuz-4.15.0-200-generic root=LABEL=cloudimg-rootfs ro console=tty1 console=ttyS0
[    0.000000] KERNEL supported cpus:
[    0.000000]   Intel GenuineIntel
[    0.000000]   AMD AuthenticAMD
[    0.000000]   Centaur CentaurHauls
[    0.000000] x86/fpu: x87 FPU will use FXSAVE
[    0.000000] e820: BIOS-provided physical RAM map:
[    0.000000] BIOS-e820: [mem 0x0000000000000000-0x000000000009fbff] usable
[    0.000000] BIOS-e820: [mem 0x000000000009fc00-0x000000000009ffff] reserved
[    0.000000] BIOS-e820: [mem 0x00000000000f0000-0x00000000000fffff] reserved
[    0.000000] BIOS-e820: [mem 0x0000000000100000-0x000000007ffeffff] usable
[    0.000000] BIOS-e820: [mem 0x000000007fff0000-0x000000007fffffff] ACPI data
[    0.000000] BIOS-e820: [mem 0x00000000fec00000-0x00000000fec00fff] reserved
[    0.000000] BIOS-e820: [mem 0x00000000fee00000-0x00000000fee00fff] reserved
[    0.000000] BIOS-e820: [mem 0x00000000fffc0000-0x00000000ffffffff] reserved
[    0.000000] NX (Execute Disable) protection: active
[    0.000000] SMBIOS 2.5 present.
[    0.000000] DMI: innotek GmbH VirtualBox/VirtualBox, BIOS VirtualBox 12/01/2006
[    0.000000] Hypervisor detected: KVM
[    0.000000] e820: last_pfn = 0x7fff0 max_arch_pfn = 0x400000000
[    0.000000] MTRR: Disabled
[    0.000000] x86/PAT: MTRRs disabled, skipping PAT initialization too.
[    0.000000] CPU MTRRs all blank - virtualized system.
[    0.000000] x86/PAT: Configuration [0-7]: WB  WT  UC- UC  WB  WT  UC- UC  
[    0.000000] found SMP MP-table at [mem 0x0009fff0-0x0009ffff]
[    0.000000] Scanning 1 areas for low memory corruption
[    0.000000] RAMDISK: [mem 0x359c9000-0x36cdbfff]
[    0.000000] ACPI: Early table checksum verification disabled
[    0.000000] ACPI: RSDP 0x00000000000E0000 000024 (v02 VBOX  )
[    0.000000] ACPI: XSDT 0x000000007FFF0030 00003C (v01 VBOX   VBOXXSDT 00000001 ASL  00000061)
[    0.000000] ACPI: FACP 0x000000007FFF00F0 0000F4 (v04 VBOX   VBOXFACP 00000001 ASL  00000061)
[    0.000000] ACPI: DSDT 0x000000007FFF0470 002325 (v02 VBOX   VBOXBIOS 00000002 INTL 20100528)
[    0.000000] ACPI: FACS 0x000000007FFF0200 000040
[    0.000000] ACPI: FACS 0x000000007FFF0200 000040
[    0.000000] ACPI: APIC 0x000000007FFF0240 00005C (v02 VBOX   VBOXAPIC 00000001 ASL  00000061)
[    0.000000] ACPI: SSDT 0x000000007FFF02A0 0001CC (v01 VBOX   VBOXCPUT 00000002 INTL 20100528)
[    0.000000] ACPI: Reserving FACP table memory at [mem 0x7fff00f0-0x7fff01e3]
[    0.000000] ACPI: Reserving DSDT table memory at [mem 0x7fff0470-0x7fff2794]
[    0.000000] ACPI: Reserving FACS table memory at [mem 0x7fff0200-0x7fff023f]
[    0.000000] ACPI: Reserving FACS table memory at [mem 0x7fff0200-0x7fff023f]
[    0.000000] ACPI: Reserving APIC table memory at [mem 0x7fff0240-0x7fff029b]
[    0.000000] ACPI: Reserving SSDT table memory at [mem 0x7fff02a0-0x7fff046b]
[    0.000000] No NUMA configuration found
[    0.000000] Faking a node at [mem 0x0000000000000000-0x000000007ffeffff]
[    0.000000] NODE_DATA(0) allocated [mem 0x7ffc5000-0x7ffeffff]
[    0.000000] kvm-clock: cpu 0, msr 0:7ff44001, primary cpu clock
[    0.000000] kvm-clock: Using msrs 4b564d01 and 4b564d00
[    0.000000] kvm-clock: using sched offset of 3935477871 cycles
[    0.000000] clocksource: kvm-clock: mask: 0xffffffffffffffff max_cycles: 0x1cd42e4dffb, max_idle_ns: 881590591483 ns
[    0.000000] Zone ranges:
[    0.000000]   DMA      [mem 0x0000000000001000-0x0000000000ffffff]
[    0.000000]   DMA32    [mem 0x0000000001000000-0x000000007ffeffff]
[    0.000000]   Normal   empty
[    0.000000]   Device   empty
[    0.000000] Movable zone start for each node
[    0.000000] Early memory node ranges
[    0.000000]   node   0: [mem 0x0000000000001000-0x000000000009efff]
[    0.000000]   node   0: [mem 0x0000000000100000-0x000000007ffeffff]
[    0.000000] Reserved but unavailable: 104 pages
[    0.000000] Initmem setup node 0 [mem 0x0000000000001000-0x000000007ffeffff]
[    0.000000] ACPI: PM-Timer IO Port: 0x4008
[    0.000000] IOAPIC[0]: apic_id 2, version 32, address 0xfec00000, GSI 0-23
[    0.000000] ACPI: INT_SRC_OVR (bus 0 bus_irq 0 global_irq 2 dfl dfl)
[    0.000000] ACPI: INT_SRC_OVR (bus 0 bus_irq 9 global_irq 9 low level)
[    0.000000] Using ACPI (MADT) for SMP configuration information
[    0.000000] smpboot: Allowing 2 CPUs, 0 hotplug CPUs
[    0.000000] PM: Registered nosave memory: [mem 0x00000000-0x00000fff]
[    0.000000] PM: Registered nosave memory: [mem 0x0009f000-0x0009ffff]
[    0.000000] PM: Registered nosave memory: [mem 0x000a0000-0x000effff]
[    0.000000] PM: Registered nosave memory: [mem 0x000f0000-0x000fffff]
[    0.000000] e820: [mem 0x80000000-0xfebfffff] available for PCI devices
[    0.000000] Booting paravirtualized kernel on KVM
[    0.000000] clocksource: refined-jiffies: mask: 0xffffffff max_cycles: 0xffffffff, max_idle_ns: 7645519600211568 ns
[    0.000000] setup_percpu: NR_CPUS:8192 nr_cpumask_bits:2 nr_cpu_ids:2 nr_node_ids:1
[    0.000000] percpu: Embedded 50 pages/cpu s167936 r8192 d28672 u1048576
[    0.000000] PV qspinlock hash table entries: 256 (order: 0, 4096 bytes)
[    0.000000] Built 1 zonelists, mobility grouping on.  Total pages: 515961
[    0.000000] Policy zone: DMA32
[    0.000000] Kernel command line: BOOT_IMAGE=/boot/vmlinuz-4.15.0-200-generic root=LABEL=cloudimg-rootfs ro console=tty1 console=ttyS0
[    0.000000] Memory: 2014840K/2096696K available (12300K kernel code, 2477K rwdata, 4320K rodata, 2472K init, 2720K bss, 81856K reserved, 0K cma-reserved)
[    0.000000] SLUB: HWalign=64, Order=0-3, MinObjects=0, CPUs=2, Nodes=1
[    0.000000] ftrace: allocating 39478 entries in 155 pages
[    0.004000] Hierarchical RCU implementation.
[    0.004000] 	RCU restricting CPUs from NR_CPUS=8192 to nr_cpu_ids=2.
[    0.004000] 	Tasks RCU enabled.
[    0.004000] RCU: Adjusting geometry for rcu_fanout_leaf=16, nr_cpu_ids=2
[    0.004000] NR_IRQS: 524544, nr_irqs: 440, preallocated irqs: 16
[    0.004000] Console: colour VGA+ 80x25
[    0.004000] console [tty1] enabled
[    0.004000] console [ttyS0] enabled
[    0.004000] ACPI: Core revision 20170831
[    0.004000] ACPI: 2 ACPI AML tables successfully acquired and loaded
[    0.004000] APIC: Switch to symmetric I/O mode setup
[    0.004000] ..TIMER: vector=0x30 apic1=0 pin1=2 apic2=-1 pin2=-1
[    0.004011] tsc: Detected 2803.196 MHz processor
[    0.008010] Calibrating delay loop (skipped) preset value.. 5606.39 BogoMIPS (lpj=11212784)
[    0.012007] pid_max: default: 32768 minimum: 301
[    0.016064] Security Framework initialized
[    0.020006] Yama: becoming mindful.
[    0.024079] AppArmor: AppArmor initialized
[    0.035066] Dentry cache hash table entries: 262144 (order: 9, 2097152 bytes)
[    0.042189] Inode-cache hash table entries: 131072 (order: 8, 1048576 bytes)
[    0.044085] Mount-cache hash table entries: 4096 (order: 3, 32768 bytes)
[    0.048084] Mountpoint-cache hash table entries: 4096 (order: 3, 32768 bytes)
[    0.053106] Last level iTLB entries: 4KB 0, 2MB 0, 4MB 0
[    0.056002] Last level dTLB entries: 4KB 0, 2MB 0, 4MB 0, 1GB 0
[    0.060009] Spectre V1 : Mitigation: usercopy/swapgs barriers and __user pointer sanitization
[    0.064008] Spectre V2 : Mitigation: Enhanced IBRS
[    0.068002] Spectre V2 : Spectre v2 / SpectreRSB mitigation: Filling RSB on context switch
[    0.072003] Speculative Store Bypass: Vulnerable
[    0.074724] Freeing SMP alternatives memory: 36K
[    0.196004] APIC calibration not consistent with PM-Timer: 101ms instead of 100ms
[    0.200000] APIC delta adjusted to PM-Timer: 6343884 (6448661)
[    0.200209] smpboot: CPU0: 11th Gen Intel(R) Core(TM) i7-1165G7 @ 2.80GHz (family: 0x6, model: 0x8c, stepping: 0x1)
[    0.204465] Performance Events: unsupported p6 CPU model 140 no PMU driver, software events only.
[    0.208087] Hierarchical SRCU implementation.
[    0.211707] NMI watchdog: Perf event create on CPU 0 failed with -2
[    0.212002] NMI watchdog: Perf NMI watchdog permanently disabled
[    0.216221] smp: Bringing up secondary CPUs ...
[    0.220695] x86: Booting SMP configuration:
[    0.224002] .... node  #0, CPUs:      #1
[    0.004000] kvm-clock: cpu 1, msr 0:7ff44041, secondary cpu clock
[    0.236093] smp: Brought up 1 node, 2 CPUs
[    0.238685] smpboot: Max logical packages: 1
[    0.240005] smpboot: Total of 2 processors activated (11212.78 BogoMIPS)
[    0.244346] devtmpfs: initialized
[    0.246016] x86/mm: Memory block size: 128MB
[    0.248411] evm: security.selinux
[    0.252003] evm: security.SMACK64
[    0.254407] evm: security.SMACK64EXEC
[    0.256002] evm: security.SMACK64TRANSMUTE
[    0.260002] evm: security.SMACK64MMAP
[    0.262176] evm: security.apparmor
[    0.264002] evm: security.ima
[    0.265821] evm: security.capability
[    0.268295] clocksource: jiffies: mask: 0xffffffff max_cycles: 0xffffffff, max_idle_ns: 7645041785100000 ns
[    0.272092] futex hash table entries: 512 (order: 3, 32768 bytes)
[    0.276170] pinctrl core: initialized pinctrl subsystem
[    0.280420] RTC time: 10:18:27, date: 01/04/23
[    0.288152] NET: Registered protocol family 16
[    0.291245] audit: initializing netlink subsys (disabled)
[    0.292142] audit: type=2000 audit(1672827512.434:1): state=initialized audit_enabled=0 res=1
[    0.300005] cpuidle: using governor ladder
[    0.304008] cpuidle: using governor menu
[    0.306550] ACPI: bus type PCI registered
[    0.308003] acpiphp: ACPI Hot Plug PCI Controller Driver version: 0.5
[    0.312423] PCI: Using configuration type 1 for base access
[    0.320408] HugeTLB registered 2.00 MiB page size, pre-allocated 0 pages
[    0.328263] ACPI: Added _OSI(Module Device)
[    0.331508] ACPI: Added _OSI(Processor Device)
[    0.332010] ACPI: Added _OSI(3.0 _SCP Extensions)
[    0.336003] ACPI: Added _OSI(Processor Aggregator Device)
[    0.340003] ACPI: Added _OSI(Linux-Dell-Video)
[    0.342872] ACPI: Added _OSI(Linux-Lenovo-NV-HDMI-Audio)
[    0.344002] ACPI: Added _OSI(Linux-HPI-Hybrid-Graphics)
[    0.348744] ACPI: Executed 1 blocks of module-level executable AML code
[    0.359395] ACPI: Interpreter enabled
[    0.360012] ACPI: (supports S0 S5)
[    0.364002] ACPI: Using IOAPIC for interrupt routing
[    0.367586] PCI: Using host bridge windows from ACPI; if necessary, use "pci=nocrs" and report a bug
[    0.368205] ACPI: Enabled 2 GPEs in block 00 to 07
[    0.378735] ACPI: PCI Root Bridge [PCI0] (domain 0000 [bus 00-ff])
[    0.380019] acpi PNP0A03:00: _OSC: OS supports [ASPM ClockPM Segments MSI]
[    0.388157] acpi PNP0A03:00: _OSC: not requesting OS control; OS requires [ExtendedConfig ASPM ClockPM MSI]
[    0.392015] acpi PNP0A03:00: fail to add MMCONFIG information, can't access extended PCI configuration space under this bridge.
[    0.396578] PCI host bridge to bus 0000:00
[    0.399281] pci_bus 0000:00: root bus resource [io  0x0000-0x0cf7 window]
[    0.400003] pci_bus 0000:00: root bus resource [io  0x0d00-0xffff window]
[    0.404003] pci_bus 0000:00: root bus resource [mem 0x000a0000-0x000bffff window]
[    0.408005] pci_bus 0000:00: root bus resource [mem 0x80000000-0xfdffffff window]
[    0.412004] pci_bus 0000:00: root bus resource [bus 00-ff]
[    0.420000] pci 0000:00:01.1: legacy IDE quirk: reg 0x10: [io  0x01f0-0x01f7]
[    0.420003] pci 0000:00:01.1: legacy IDE quirk: reg 0x14: [io  0x03f6]
[    0.424002] pci 0000:00:01.1: legacy IDE quirk: reg 0x18: [io  0x0170-0x0177]
[    0.428003] pci 0000:00:01.1: legacy IDE quirk: reg 0x1c: [io  0x0376]
[    0.452188] pci 0000:00:07.0: quirk: [io  0x4000-0x403f] claimed by PIIX4 ACPI
[    0.456043] pci 0000:00:07.0: quirk: [io  0x4100-0x410f] claimed by PIIX4 SMB
[    0.469771] ACPI: PCI Interrupt Link [LNKA] (IRQs 5 9 10 *11)
[    0.472424] ACPI: PCI Interrupt Link [LNKB] (IRQs 5 9 *10 11)
[    0.476168] ACPI: PCI Interrupt Link [LNKC] (IRQs 5 *9 10 11)
[    0.480469] ACPI: PCI Interrupt Link [LNKD] (IRQs 5 9 10 *11)
[    0.485380] SCSI subsystem initialized
[    0.488285] pci 0000:00:02.0: vgaarb: setting as boot VGA device
[    0.492000] pci 0000:00:02.0: vgaarb: VGA device added: decodes=io+mem,owns=io+mem,locks=none
[    0.492005] pci 0000:00:02.0: vgaarb: bridge control possible
[    0.495687] vgaarb: loaded
[    0.496049] ACPI: bus type USB registered
[    0.500034] usbcore: registered new interface driver usbfs
[    0.503329] usbcore: registered new interface driver hub
[    0.504010] usbcore: registered new device driver usb
[    0.508256] EDAC MC: Ver: 3.0.0
[    0.512730] PCI: Using ACPI for IRQ routing
[    0.516623] NetLabel: Initializing
[    0.520002] NetLabel:  domain hash size = 128
[    0.524002] NetLabel:  protocols = UNLABELED CIPSOv4 CALIPSO
[    0.528093] NetLabel:  unlabeled traffic allowed by default
[    0.532239] clocksource: Switched to clocksource kvm-clock
[    0.564842] VFS: Disk quotas dquot_6.6.0
[    0.564842] VFS: Dquot-cache hash table entries: 512 (order 0, 4096 bytes)
[    0.564842] AppArmor: AppArmor Filesystem Enabled
[    0.564842] pnp: PnP ACPI init
[    0.564842] pnp: PnP ACPI: found 3 devices
[    0.639994] clocksource: acpi_pm: mask: 0xffffff max_cycles: 0xffffff, max_idle_ns: 2085701024 ns
[    0.640231] NET: Registered protocol family 2
[    0.640231] IP idents hash table entries: 32768 (order: 6, 262144 bytes)
[    0.656347] TCP established hash table entries: 16384 (order: 5, 131072 bytes)
[    0.661968] TCP bind hash table entries: 16384 (order: 6, 262144 bytes)
[    0.667466] TCP: Hash tables configured (established 16384 bind 16384)
[    0.670803] UDP hash table entries: 1024 (order: 3, 32768 bytes)
[    0.670803] UDP-Lite hash table entries: 1024 (order: 3, 32768 bytes)
[    0.670803] NET: Registered protocol family 1
[    0.670803] pci 0000:00:00.0: Limiting direct PCI/PCI transfers
[    0.670803] pci 0000:00:01.0: Activating ISA DMA hang workarounds
[    0.670803] pci 0000:00:02.0: Video device with shadowed ROM at [mem 0x000c0000-0x000dffff]
[    0.670803] Unpacking initramfs...
[    0.670803] Freeing initrd memory: 19532K
[    0.670803] clocksource: tsc: mask: 0xffffffffffffffff max_cycles: 0x28680c0c25b, max_idle_ns: 440795263258 ns
[    0.670803] platform rtc_cmos: registered platform RTC device (no PNP device found)
[    0.670803] Scanning for low memory corruption every 60 seconds
[    1.107246] Initialise system trusted keyrings
[    1.110689] Key type blacklist registered
[    1.117033] workingset: timestamp_bits=36 max_order=19 bucket_order=0
[    1.122730] zbud: loaded
[    1.125620] squashfs: version 4.0 (2009/01/31) Phillip Lougher
[    1.129776] fuse init (API version 7.26)
[    1.163133] Key type asymmetric registered
[    1.169935] Asymmetric key parser 'x509' registered
[    1.174947] Block layer SCSI generic (bsg) driver version 0.4 loaded (major 246)
[    1.181168] io scheduler noop registered
[    1.184299] io scheduler deadline registered
[    1.187132] io scheduler cfq registered (default)
[    1.191173] ACPI: AC Adapter [AC] (on-line)
[    1.194269] input: Power Button as /devices/LNXSYSTM:00/LNXPWRBN:00/input/input0
[    1.199244] ACPI: Power Button [PWRF]
[    1.202083] input: Sleep Button as /devices/LNXSYSTM:00/LNXSLPBN:00/input/input1
[    1.207118] ACPI: Sleep Button [SLPF]
[    1.210533] Serial: 8250/16550 driver, 32 ports, IRQ sharing enabled
[    1.211328] ACPI: Battery Slot [BAT0] (battery present)
[    1.245018] 00:02: ttyS0 at I/O 0x3f8 (irq = 4, base_baud = 115200) is a 16550A
[    1.253213] Linux agpgart interface v0.103
[    1.259630] loop: module loaded
[    1.265073] scsi host0: ata_piix
[    1.269243] scsi host1: ata_piix
[    1.272848] ata1: PATA max UDMA/33 cmd 0x1f0 ctl 0x3f6 bmdma 0xd000 irq 14
[    1.280062] ata2: PATA max UDMA/33 cmd 0x170 ctl 0x376 bmdma 0xd008 irq 15
[    1.287934] tun: Universal TUN/TAP device driver, 1.6
[    1.293692] PPP generic driver version 2.4.2
[    1.297228] ehci_hcd: USB 2.0 'Enhanced' Host Controller (EHCI) Driver
[    1.301538] ehci-pci: EHCI PCI platform driver
[    1.305338] ehci-platform: EHCI generic platform driver
[    1.309142] ohci_hcd: USB 1.1 'Open' Host Controller (OHCI) Driver
[    1.313225] ohci-pci: OHCI PCI platform driver
[    1.316046] ohci-platform: OHCI generic platform driver
[    1.319305] uhci_hcd: USB Universal Host Controller Interface driver
[    1.323288] i8042: PNP: PS/2 Controller [PNP0303:PS2K,PNP0f03:PS2M] at 0x60,0x64 irq 1,12
[    1.330448] serio: i8042 KBD port at 0x60,0x64 irq 1
[    1.333596] serio: i8042 AUX port at 0x60,0x64 irq 12
[    1.337717] mousedev: PS/2 mouse device common for all mice
[    1.344057] input: AT Translated Set 2 keyboard as /devices/platform/i8042/serio0/input/input2
[    1.344880] rtc_cmos rtc_cmos: rtc core: registered rtc_cmos as rtc0
[    1.359857] rtc_cmos rtc_cmos: alarms up to one day, 114 bytes nvram
[    1.368813] i2c /dev entries driver
[    1.373944] device-mapper: uevent: version 1.0.3
[    1.378659] device-mapper: ioctl: 4.37.0-ioctl (2017-09-20) initialised: dm-devel@redhat.com
[    1.385182] ledtrig-cpu: registered to indicate activity on CPUs
[    1.391066] NET: Registered protocol family 10
[    1.402885] Segment Routing with IPv6
[    1.406478] NET: Registered protocol family 17
[    1.410025] Key type dns_resolver registered
[    1.413831] mce: Using 0 MCE banks
[    1.415857] RAS: Correctable Errors collector initialized.
[    1.419423] sched_clock: Marking stable (1419349624, 0)->(2154170304, -734820680)
[    1.427603] registered taskstats version 1
[    1.430468] Loading compiled-in X.509 certificates
[    1.437478] Loaded X.509 cert 'Build time autogenerated kernel key: 29e5beaa583364da097e68c9386761f80dbce7ef'
[    1.444674] Loaded X.509 cert 'Canonical Ltd. Live Patch Signing: 14df34d1a87cf37625abec039ef2bf521249b969'
[    1.451337] Loaded X.509 cert 'Canonical Ltd. Kernel Module Signing: 88f752e560a1e0737e31163a466ad7b70a850c19'
[    1.457507] blacklist: Loading compiled-in revocation X.509 certificates
[    1.461336] Loaded X.509 cert 'Canonical Ltd. Secure Boot Signing: 61482aa2830d0ab2ad5af10b7250da9033ddcef0'
[    1.468493] zswap: loaded using pool lzo/zbud
[    1.511638] Key type big_key registered
[    1.515812] Key type trusted registered
[    1.523044] Key type encrypted registered
[    1.527493] AppArmor: AppArmor sha1 policy hashing enabled
[    1.533307] ima: No TPM chip found, activating TPM-bypass! (rc=-19)
[    1.537766] ima: Allocated hash algorithm: sha1
[    1.540558] evm: HMAC attrs: 0x1
[    1.543281]   Magic number: 7:598:324
[    1.545834] tty tty49: hash matches
[    1.548363] acpi PNP0B00:00: hash matches
[    1.552389] rtc_cmos rtc_cmos: setting system clock to 2023-01-04 10:18:29 UTC (1672827509)
[    1.560622] BIOS EDD facility v0.16 2004-Jun-25, 0 devices found
[    1.564477] EDD information not available.
[    1.569655] Freeing unused kernel image memory: 2472K
[    1.588353] Write protecting the kernel read-only data: 20480k
[    1.594059] Freeing unused kernel image memory: 2008K
[    1.598136] Freeing unused kernel image memory: 1824K
[    1.614133] x86/mm: Checked W+X mappings: passed, no W+X pages found.
Loading, please wait...
starting version 237
[    1.733329] Fusion MPT base driver 3.04.20
[    1.738171] Copyright (c) 1999-2008 LSI Corporation
[    1.743007] e1000: Intel(R) PRO/1000 Network Driver - version 7.3.21-k8-NAPI
[    1.748800] e1000: Copyright (c) 1999-2006 Intel Corporation.
[    1.795020] Fusion MPT SPI Host driver 3.04.20
[    2.047776] input: ImExPS/2 Generic Explorer Mouse as /devices/platform/i8042/serio1/input/input4
[    2.711194] e1000 0000:00:03.0 eth0: (PCI:33MHz:32-bit) 02:40:49:ac:f0:20
[    2.715885] e1000 0000:00:03.0 eth0: Intel(R) PRO/1000 Network Connection
[    3.428326] e1000 0000:00:08.0 eth1: (PCI:33MHz:32-bit) 08:00:27:79:8b:67
[    3.432188] e1000 0000:00:08.0 eth1: Intel(R) PRO/1000 Network Connection
[    3.438569] e1000 0000:00:03.0 enp0s3: renamed from eth0
[    3.444183] mptbase: ioc0: Initiating bringup
[    3.448412] e1000 0000:00:08.0 enp0s8: renamed from eth1
[    3.552525] ioc0: LSI53C1030 A0: Capabilities={Initiator}
[    3.823914] scsi host2: ioc0: LSI53C1030 A0, FwRev=00000000h, Ports=1, MaxQ=256, IRQ=20
[    3.999492] scsi 2:0:0:0: Direct-Access     VBOX     HARDDISK         1.0  PQ: 0 ANSI: 5
[    4.044632] scsi target2:0:0: Beginning Domain Validation
[    4.062058] scsi target2:0:0: Domain Validation skipping write tests
[    4.070193] scsi target2:0:0: Ending Domain Validation
[    4.075540] scsi target2:0:0: asynchronous
[    4.080431] scsi 2:0:1:0: Direct-Access     VBOX     HARDDISK         1.0  PQ: 0 ANSI: 5
[    4.116617] scsi target2:0:1: Beginning Domain Validation
[    4.140731] scsi target2:0:1: Domain Validation skipping write tests
[    4.146057] scsi target2:0:1: Ending Domain Validation
[    4.150431] scsi target2:0:1: asynchronous
[    4.163495] sd 2:0:0:0: Attached scsi generic sg0 type 0
[    4.167720] sd 2:0:1:0: Attached scsi generic sg1 type 0
[    4.169121] sd 2:0:1:0: [sdb] 20480 512-byte logical blocks: (10.5 MB/10.0 MiB)
[    4.178522] sd 2:0:0:0: [sda] 83886080 512-byte logical blocks: (42.9 GB/40.0 GiB)
[    4.178535] sd 2:0:1:0: [sdb] Write Protect is off
[    4.190249] sd 2:0:0:0: [sda] Write Protect is off
[    4.190879] sd 2:0:1:0: [sdb] Incomplete mode parameter data
[    4.199215] sd 2:0:1:0: [sdb] Assuming drive cache: write through
[    4.203954] sd 2:0:0:0: [sda] Incomplete mode parameter data
[    4.208436] sd 2:0:0:0: [sda] Assuming drive cache: write through
[    4.226820]  sda: sda1
[    4.233585] sd 2:0:1:0: [sdb] Attached SCSI disk
[    4.237600] sd 2:0:0:0: [sda] Attached SCSI disk
Begin: Loading essential drivers ... [    7.369662] raid6: sse2x1   gen() 245684 MB/s
[    9.373259] raid6: sse2x1   xor() 162224 MB/s
[   10.375713] raid6: sse2x2   gen() 308361 MB/s
[   11.424977] raid6: sse2x2   xor() 10227 MB/s
[   11.477763] raid6: sse2x4   gen() 12961 MB/s
[   11.542150] raid6: sse2x4   xor() 13379 MB/s
[   11.547105] raid6: using algorithm sse2x2 gen() 308361 MB/s
[   11.552923] raid6: .... xor() 10227 MB/s, rmw enabled
[   11.557370] raid6: using ssse3x2 recovery algorithm
[   11.563139] xor: measuring software checksum speed
[   11.608509]    prefetch64-sse: 18226.000 MB/sec
[   11.648718]    generic_sse: 19767.000 MB/sec
[   11.655806] xor: using function: generic_sse (19767.000 MB/sec)
[   11.670177] async_tx: api initialized (async)
done.
Begin: Running /scripts/init-premount ... done.
Begin: Mounting root file system ... Begin: Running /scripts/local-top ... done.
Begin: Running /scripts/local-premount ... [   11.743159] Btrfs loaded, crc32c=crc32c-intel
Scanning for Btrfs filesystems
done.
Warning: fsck not present, so skipping root file system
[   11.795518] EXT4-fs (sda1): mounted filesystem with ordered data mode. Opts: (null)
done.
Begin: Running /scripts/local-bottom ... done.
Begin: Running /scripts/init-bottom ... done.
[   11.983241] ip_tables: (C) 2000-2006 Netfilter Core Team
[   11.996345] systemd[1]: systemd 237 running in system mode. (+PAM +AUDIT +SELINUX +IMA +APPARMOR +SMACK +SYSVINIT +UTMP +LIBCRYPTSETUP +GCRYPT +GNUTLS +ACL +XZ +LZ4 +SECCOMP +BLKID +ELFUTILS +KMOD -IDN2 +IDN -PCRE2 default-hierarchy=hybrid)
[   12.010495] systemd[1]: Detected virtualization oracle.
[   12.014233] systemd[1]: Detected architecture x86-64.

Welcome to [1mUbuntu 18.04.6 LTS[0m!

[   12.042699] systemd[1]: Set hostname to <ubuntu>.
[   12.056347] random: systemd: uninitialized urandom read (16 bytes read)
[   12.062389] systemd[1]: Initializing machine ID from random generator.
[   12.069964] systemd[1]: Installed transient /etc/machine-id file.
[   12.379791] random: systemd: uninitialized urandom read (16 bytes read)
[   12.384074] systemd[1]: Reached target Swap.
[[0;32m  OK  [0m] Reached target Swap.
[   12.387975] random: systemd: uninitialized urandom read (16 bytes read)
[   12.399511] systemd[1]: Created slice System Slice.
[[0;32m  OK  [0m] Created slice System Slice.
[   12.404341] systemd[1]: Listening on udev Kernel Socket.
[[0;32m  OK  [0m] Listening on udev Kernel Socket.
[   12.409489] systemd[1]: Listening on udev Control Socket.
[[0;32m  OK  [0m] Listening on udev Control Socket.
[[0;32m  OK  [0m] Listening on LVM2 metadata daemon socket.
[[0;32m  OK  [0m] Listening on Syslog Socket.
[[0;32m  OK  [0m] Created slice User and Session Slice.
[[0;32m  OK  [0m] Reached target System Time Synchronized.
[[0;32m  OK  [0m] Listening on LVM2 poll daemon socket.
[[0;32m  OK  [0m] Set up automount Arbitrary Executab…rmats File System Automount Point.
[[0;32m  OK  [0m] Listening on Network Service Netlink Socket.
[[0;32m  OK  [0m] Reached target User and Group Name Lookups.
[[0;32m  OK  [0m] Listening on Journal Audit Socket.
[[0;32m  OK  [0m] Listening on Journal Socket.
         Mounting POSIX Message Queue File System...
         Starting Create list of required st…ce nodes for the current kernel...
         Starting Uncomplicated firewall...
         Starting udev Coldplug all Devices...
         Starting Load Kernel Modules...
         Starting Set the console keyboard layout...
         Mounting Huge Pages File System...
[[0;32m  OK  [0m] Reached target Slices.
[[0;32m  OK  [0m] Listening on Journal Socket (/dev/log).
[[0;32m  OK  [0m] Created slice system-serial\x2dgetty.slice.
[[0;32m  OK  [0m] Listening on fsck to fsckd communication Socket.
         Starting File System Check on Root Device...
[[0;32m  OK  [0m] Listening on Device-mapper event daemon FIFOs.
[[0;32m  OK  [0m] Listening on /dev/initctl Compatibility Named Pipe.
         Starting Monitoring of LVM2 mirrors…ng dmeventd or progress polling...
[[0;32m  OK  [0m] Started Forward Password Requests to Wall Directory Watch.
         Mounting Kernel Debug File System...
         Starting Journal Service...
[[0;32m  OK  [0m] Mounted POSIX Message Queue File System.
[[0;32m  OK  [0m] Started Create list of required sta…vice nodes for the current kernel.
[[0;32m  OK  [0m] Started Uncomplicated firewall.
[[0;32m  OK  [0m] Mounted Huge Pages File System.
[[0;32m  OK  [0m] Mounted Kernel Debug File System.
[[0;32m  OK  [0m] Started File System Check Daemon to report status.
         Starting Create Static Device Nodes in /dev...
[   12.594876] Loading iSCSI transport class v2.0-870.
[[0;32m  OK  [0m] Started LVM2 metadata daemon.
[[0;32m  OK  [0m] Started udev Coldplug all Devices.
[[0;32m  OK  [0m] Started Create Static Device Nodes in /dev.
[   12.688414] iscsi: registered transport (tcp)
[   12.703744] iscsi: registered transport (iser)
[[0;32m  OK  [0m] Started Load Kernel Modules.
         Starting Apply Kernel Variables...
         Mounting Kernel Configuration File System...
         Mounting FUSE Control File System...
[[0;32m  OK  [0m] Mounted Kernel Configuration File System.
[[0;32m  OK  [0m] Mounted FUSE Control File System.
[[0;32m  OK  [0m] Started Journal Service.
[[0;32m  OK  [0m] Started File System Check on Root Device.
         Starting Remount Root and Kernel File Systems...
[[0;32m  OK  [0m] Started Monitoring of LVM2 mirrors,…sing dmeventd or progress polling.
[[0;32m  OK  [0m] Started Apply Kernel Variables.
[[0;32m  OK  [0m] Started Remount Root and Kernel File Systems.
         Starting Flush Journal to Persistent Storage...
         Starting udev Kernel Device Manager...
         Starting Load/Save Random Seed...
[[0;32m  OK  [0m] Started udev Kernel Device Manager.
[[0;32m  OK  [0m] Started Load/Save Random Seed.
[[0;32m  OK  [0m] Started Flush Journal to Persistent Storage.
[[0;32m  OK  [0m] Found device /dev/ttyS0.
[[0;32m  OK  [0m] Listening on Load/Save RF Kill Switch Status /dev/rfkill Watch.
[[0;32m  OK  [0m] Started Set the console keyboard layout.
[[0;32m  OK  [0m] Reached target Local File Systems (Pre).
[[0;32m  OK  [0m] Reached target Local File Systems.
         Starting AppArmor initialization...
         Starting ebtables ruleset management...
         Starting Commit a transient machine-id on disk...
         Starting Create Volatile Files and Directories...
         Starting Set console font and keymap...
         Starting Tell Plymouth To Write Out Runtime Data...
[[0;32m  OK  [0m] Started Dispatch Password Requests to Console Directory Watch.
[[0;32m  OK  [0m] Reached target Local Encrypted Volumes.
         Mounting Arbitrary Executable File Formats File System...
[[0;32m  OK  [0m] Started Create Volatile Files and Directories.
         Starting Update UTMP about System Boot/Shutdown...
[[0;32m  OK  [0m] Started Tell Plymouth To Write Out Runtime Data.
[[0;32m  OK  [0m] Mounted Arbitrary Executable File Formats File System.
[[0;32m  OK  [0m] Started Update UTMP about System Boot/Shutdown.
[[0;32m  OK  [0m] Started Commit a transient machine-id on disk.
[[0;32m  OK  [0m] Started ebtables ruleset management.
[[0;32m  OK  [0m] Started AppArmor initialization.
         Starting Load AppArmor profiles managed internally by snapd...
         Starting Initial cloud-init job (pre-networking)...
[[0;32m  OK  [0m] Started Load AppArmor profiles managed internally by snapd.
[[0;32m  OK  [0m] Started Set console font and keymap.
[   16.950598] cloud-init[732]: Cloud-init v. 22.4.2-0ubuntu0~18.04.1 running 'init-local' at Wed, 04 Jan 2023 10:18:44 +0000. Up 16.55 seconds.
[[0;32m  OK  [0m] Started Initial cloud-init job (pre-networking).
[[0;32m  OK  [0m] Reached target Network (Pre).
         Starting Network Service...
[[0;32m  OK  [0m] Started Network Service.
         Starting Wait for Network to be Configured...
         Starting Network Name Resolution...
[[0;32m  OK  [0m] Started Network Name Resolution.
[[0;32m  OK  [0m] Reached target Network.
[[0;32m  OK  [0m] Reached target Host and Network Name Lookups.
[[0;32m  OK  [0m] Started Wait for Network to be Configured.
         Starting Initial cloud-init job (metadata service crawler)...
[   19.310972] cloud-init[895]: Cloud-init v. 22.4.2-0ubuntu0~18.04.1 running 'init' at Wed, 04 Jan 2023 10:18:47 +0000. Up 19.05 seconds.
[   19.318708] cloud-init[895]: ci-info: ++++++++++++++++++++++++++++++++++++++Net device info+++++++++++++++++++++++++++++++++++++++
[   19.323644] cloud-init[895]: ci-info: +--------+-------+----------------------------+---------------+--------+-------------------+
[   19.330751] cloud-init[895]: ci-info: | Device |   Up  |          Address           |      Mask     | Scope  |     Hw-Address    |
[   19.348403] cloud-init[895]: ci-info: +--------+-------+----------------------------+---------------+--------+-------------------+
[   19.352350] cloud-init[895]: ci-info: | enp0s3 |  True |         10.0.2.15          | 255.255.255.0 | global | 02:40:49:ac:f0:20 |
[   19.355907] cloud-init[895]: ci-info: | enp0s3 |  True | fe80::40:49ff:feac:f020/64 |       .       |  link  | 02:40:49:ac:f0:20 |
[   19.361114] cloud-init[895]: ci-info: | enp0s8 | False |             .              |       .       |   .    | 08:00:27:79:8b:67 |
[   19.368268] cloud-init[895]: ci-info: |   lo   |  True |         127.0.0.1          |   255.0.0.0   |  host  |         .         |
[   19.371590] cloud-init[895]: ci-info: |   lo   |  True |          ::1/128           |       .       |  host  |         .         |
[   19.374862] cloud-init[895]: ci-info: +--------+-------+----------------------------+---------------+--------+-------------------+
[   19.377934] cloud-init[895]: ci-info: ++++++++++++++++++++++++++++Route IPv4 info+++++++++++++++++++++++++++++
[   19.380142] cloud-init[895]: ci-info: +-------+-------------+----------+-----------------+-----------+-------+
[   19.382393] cloud-init[895]: ci-info: | Route | Destination | Gateway  |     Genmask     | Interface | Flags |
[   19.385254] cloud-init[895]: ci-info: +-------+-------------+----------+-----------------+-----------+-------+
[   19.387262] cloud-init[895]: ci-info: |   0   |   0.0.0.0   | 10.0.2.2 |     0.0.0.0     |   enp0s3  |   UG  |
[   19.389227] cloud-init[895]: ci-info: |   1   |   10.0.2.0  | 0.0.0.0  |  255.255.255.0  |   enp0s3  |   U   |
[   19.391258] cloud-init[895]: ci-info: |   2   |   10.0.2.2  | 0.0.0.0  | 255.255.255.255 |   enp0s3  |   UH  |
[   19.393288] cloud-init[895]: ci-info: +-------+-------------+----------+-----------------+-----------+-------+
[   19.395281] cloud-init[895]: ci-info: +++++++++++++++++++Route IPv6 info+++++++++++++++++++
[   19.396977] cloud-init[895]: ci-info: +-------+-------------+---------+-----------+-------+
[   19.398642] cloud-init[895]: ci-info: | Route | Destination | Gateway | Interface | Flags |
[   19.400410] cloud-init[895]: ci-info: +-------+-------------+---------+-----------+-------+
[   19.402126] cloud-init[895]: ci-info: |   1   |  fe80::/64  |    ::   |   enp0s3  |   U   |
[   19.403782] cloud-init[895]: ci-info: |   3   |    local    |    ::   |   enp0s3  |   U   |
[   19.405634] cloud-init[895]: ci-info: |   4   |   ff00::/8  |    ::   |   enp0s3  |   U   |
[   19.407268] cloud-init[895]: ci-info: +-------+-------------+---------+-----------+-------+
[   20.070330] cloud-init[895]: Generating public/private rsa key pair.
[   20.079442] cloud-init[895]: Your identification has been saved in /etc/ssh/ssh_host_rsa_key.
[   20.084979] cloud-init[895]: Your public key has been saved in /etc/ssh/ssh_host_rsa_key.pub.
[   20.088431] cloud-init[895]: The key fingerprint is:
[   20.091662] cloud-init[895]: SHA256:m61wwC7rEvwVtEmGbs2LHaYIOY+19CPomPyTp33qaLk root@ubuntu-bionic
[   20.098111] cloud-init[895]: The key's randomart image is:
[   20.103071] cloud-init[895]: +---[RSA 2048]----+
[   20.107385] cloud-init[895]: |     .           |
[   20.111726] cloud-init[895]: |    . +          |
[   20.114900] cloud-init[895]: | . . * o         |
[   20.117370] cloud-init[895]: |+ o o.O          |[[0;32m  OK  [0m] Started Initial cloud-init job (metadata service crawler).
[[0;32m  OK  [0m] Reached target System Initialization.

[   20.133228] [[0;32m  OK  [0m] Started ACPI Events Check.cloud-init[895]: | X = =o+S        |
[   20.138775] cloud-init[895]: |o B =.+. +       |
[   20.142304] cloud-init[895]: 
[[0;32m  OK  [0m] Listening on cloud-init hotplug hook socket.
|+. ++oo + .      |         Starting LXD - unix socket.
[[0;32m  OK  [0m] 
[   20.153024] cloud-init[895]: |oo.=++ + .       |
[   20.156410] cloud-initReached target Paths.
[[0;32m  OK  [0m] Listening on UUID daemon activation socket.
[[0;32m  OK  [0m] Listening on D-Bus System Message Bus Socket.
[[0;32m  OK  [0m] Listening on ACPID Listen Socket.
[[0;32m  OK  [0m] Started Daily apt download activities.
[[0;32m  OK  [0m] Started Daily apt upgrade and clean activities.
[[0;32m  OK  [0m] Started Ubuntu Advantage Timer for running repeated jobs.
[[0;32m  OK  [0m] Started Discard unused blocks once a week.
[[0;32m  OK  [0m] Listening on Open-iSCSI iscsid Socket.
         Starting Socket activation for snappy daemon.
[[0;32m  OK  [0m] Started Message of the Day.
[[0;32m  OK  [0m] Started Daily Cleanup of Temporary Directories.
[[0;32m  OK  [0m] Reached target Timers.
[[0;32m  OK  [0m] Reached target Cloud-config availability.
[[0;32m  OK  [0m] Reached target Network is Online.
         Starting Availability of block devices...
[[0;32m  OK  [0m] Reached target Remote File Systems (Pre).
[[0;32m  OK  [0m] Reached target Remote File Systems.
[[0;32m  OK  [0m] Listening on LXD - unix socket.
[[0;32m  OK  [0m] Listening on Socket activation for snappy daemon.
[[0;32m  OK  [0m] Reached target Sockets.
[[0;32m  OK  [0m] Reached target Basic System.
         Starting Virtualbox guest utils...
         Starting Pollinate to seed the pseudo random number generator...
         Starting LSB: Record successful boot for GRUB...
[[0;32m  OK  [0m] Started D-Bus System Message Bus.
[895]: |  oEO+o .        |
[   20.195103] cloud-init[895]: +----[SHA256]-----+
[   20.198205] cloud-init[895]: Generating public/private dsa key pair.
[   20.201250] cloud-init[895]: Your identification has been saved in /etc/ssh/ssh_host_dsa_key.
[   20.205359] cloud-init[895]: Your public key has been saved in /etc/ssh/ssh_host_dsa_key.pub.
[   20.209253] cloud-init[895]: The key fingerprint is:
[   20.213394] cloud-init[895]: SHA256:r8GA6gfP5qsZxKatt4Y1/+P1Uy4D28FU9yX2MsBgqlY root@ubuntu-bionic
[   20.219885] cloud-init[895]: The key's randomart image is:
[   20.229511] cloud-init[895]: +---[DSA 1024]----+
[[0;32m  OK  [0m] Started Regular background program processing daemon.
         Starting Dispatcher daemon for systemd-networkd...
         Starting System Logging Service...
         Starting Snap Daemon...
         Starting Accounts Service...
         Starting LXD - container startup/shutdown...
[[0;32m  OK  [0m] Started FUSE filesystem for LXC.
[[0;32m  OK  [0m] Started irqbalance daemon.
[   20.254498]          Starting LSB: automatic crash report generation...
cloud-init         Starting Login Service...
         Starting Permit User Sessions...
[[0;32m  OK  [0m] Started Deferred execution scheduler.
[895]: |          oo     |
[   20.291478] cloud-init[895]: |         o  + + .|
[   20.298073] cloud-init[895]: |        E  . + +.|
[   20.302818] cloud-init[895]: | .   . o  .   o o|
[   20.317204] cloud-init[895]: |  + . + So     o |
[   20.320351] cloud-init[895]: | =+. . o..o .    |
[   20.324713] cloud-init[895]: |.o+*    ++.+     |
[   20.327300] cloud-init[895]: |.ooo* ...+= .    |
[   20.330646] cloud-init[895]: |.o=*o+o.. .+     |
[   20.334522] cloud-init[895]: +----[SHA256]-----+
[   20.338223] cloud-init[895]: Generating public/private ecdsa key pair.
[   20.343441] cloud-init[895]: Your identification has been saved in /etc/ssh/ssh_host_ecdsa_key.
[   20.348787] cloud-init[895]: Your public key has been saved in /etc/ssh/ssh_host_ecdsa_key.pub.
[   20.353797] cloud-init[895]: The key fingerprint is:
[   20.356433] cloud-init[895]: SHA256:nUWTkpPrk67j4gDrMvUXPiFOyE2tFtL4EfLzKCg2fF8 root@ubuntu-bionic
[   20.359853] cloud-init[895]: The key's randomart image is:
[   20.362983] cloud-init[895]: +---[ECDSA 256]---+
[   20.367132] cloud-init[895]: |           oo.   |
[   20.371124] cloud-init[895]: |  . .     =...   |
[   20.374471] cloud-init[895]: |   = o     +.    |
[   20.377759] cloud-init[895]: |  o B .  ..o     |
[   20.381825] cloud-init[895]: |.o.* B  S.o.     |
[   20.385532] cloud-init[895]: |o+=+O +E  +      |
[   20.387822] cloud-init[895]: |o.+*oo.o . .     |
[[0;32m  OK  [0m] Reached target Login Prompts (Pre).
[[0;32m  OK  [0m] Started System Logging Service.
[[0;32m  OK  [0m] Started Availability of block devices.
[   20.394089] cloud-init[895]: |o.  oo= . .      |
[   20.400764] cloud-init[895]: | o.  o.+oo       |
[   20.404052] cloud-init[895]: +----[SHA256]-----+
[   20.409056] cloud-init[[0;32m  OK  [0m] Started Permit User Sessions.
         Starting Terminate Plymouth Boot Screen...
         Starting Hold until boot process finishes up...
[895]: [[0;32m  OK  [0m] Started Hold until boot process finishes up.
[[0;32m  OK  [0m] Started Serial Getty on ttyS0.
         Starting Set console scheme...
Generating public/private ed25519 key pair.
[   20.427054] cloud-init[895]: Your identification has been saved in /etc/ssh/ssh_host_ed25519_key.
[[0;32m  OK  [0m] Started Terminate Plymouth Boot Screen.
[   20.435897] cloud-init[895]: Your public key has been saved in /etc/ssh/ssh_host_ed25519_key.pub.
[   20.483515] cloud-init[895]: The key fingerprint is:
[   20.488645] cloud-init[895]: SHA256:9y2ZJMFT/X/1gAgygQCuvKO9oaPhcH92YIZZzFer8Bg root@ubuntu-bionic[[0;32m  OK  [0m] Started Login Service.
[[0;32m  OK  [0m] Started Unattended Upgrades Shutdown.

[   20.497160] cloud-init[895]: The key's randomart image is:
[   20.499997] cloud-init[895]: +--[ED25519 256]--+
[   20.504764] cloud-init[895]: |.... ...    ..   |
[   20.520370] cloud-init[895]: |.   . o ....  .  |
[[0;32m  OK  [0m] Started Set console scheme.
[   20.534021] cloud-init[[0;32m  OK  [0m] Started LSB: automatic crash report generation.
[895]: | .   o o o+o . . |
         Starting Authorization Manager...
[[0;32m  OK  [0m] Created slice system-getty.slice.
[   20.625818] [[0;32m  OK  [0m] Started Getty on tty1.
[[0;32m  OK  [0m] Reached target Login Prompts.
cloud-init[895]: |o     E . oo. . o|
[   20.645381] [[0;32m  OK  [0m] Started LSB: Record successful boot for GRUB.
cloud-init[895]: |..   + *S.o .  .+|
[   20.658931] cloud-init[895]: |  . o = o. + +  +|
[   20.664869] cloud-init[895]: |ooo  o .    = . .|
[   20.666254] cloud-init[895]: |==.o  o .    .   |
[   20.668606] cloud-init[895]: |=oo..o .         |
[   20.669958] cloud-init[895]: +----[SHA256]-----+
[[0;32m  OK  [0m] Started Authorization Manager.
[[0;32m  OK  [0m] Started Accounts Service.
[[0;32m  OK  [0m] Started Virtualbox guest utils.
[[0;32m  OK  [0m] Started LXD - container startup/shutdown.
[[0;32m  OK  [0m] Started Dispatcher daemon for systemd-networkd.
[[0;32m  OK  [0m] Started Snap Daemon.
         Starting Wait until snapd is fully seeded...
         Starting Time & Date Service...
[[0;32m  OK  [0m] Started Time & Date Service.
[[0;32m  OK  [0m] Started Pollinate to seed the pseudo random number generator.
         Starting OpenBSD Secure Shell server...
[[0;32m  OK  [0m] Started OpenBSD Secure Shell server.
[[0;32m  OK  [0m] Started Wait until snapd is fully seeded.
         Starting Apply the settings specified in cloud-config...
[   25.786836] cloud-init[1389]: Cloud-init v. 22.4.2-0ubuntu0~18.04.1 running 'modules:config' at Wed, 04 Jan 2023 10:18:53 +0000. Up 25.27 seconds.

Ubuntu 18.04.6 LTS ubuntu-bionic ttyS0

ubuntu-bionic login: ci-info: no authorized SSH keys fingerprints found for user ubuntu.
<14>Jan  4 10:18:54 cloud-init: #############################################################
<14>Jan  4 10:18:54 cloud-init: -----BEGIN SSH HOST KEY FINGERPRINTS-----
<14>Jan  4 10:18:54 cloud-init: 1024 SHA256:r8GA6gfP5qsZxKatt4Y1/+P1Uy4D28FU9yX2MsBgqlY root@ubuntu-bionic (DSA)
<14>Jan  4 10:18:54 cloud-init: 256 SHA256:nUWTkpPrk67j4gDrMvUXPiFOyE2tFtL4EfLzKCg2fF8 root@ubuntu-bionic (ECDSA)
<14>Jan  4 10:18:54 cloud-init: 256 SHA256:9y2ZJMFT/X/1gAgygQCuvKO9oaPhcH92YIZZzFer8Bg root@ubuntu-bionic (ED25519)
<14>Jan  4 10:18:54 cloud-init: 2048 SHA256:m61wwC7rEvwVtEmGbs2LHaYIOY+19CPomPyTp33qaLk root@ubuntu-bionic (RSA)
<14>Jan  4 10:18:54 cloud-init: -----END SSH HOST KEY FINGERPRINTS-----
<14>Jan  4 10:18:54 cloud-init: #############################################################
-----BEGIN SSH HOST KEY KEYS-----
ecdsa-sha2-nistp256 AAAAE2VjZHNhLXNoYTItbmlzdHAyNTYAAAAIbmlzdHAyNTYAAABBBFfSwe6yGZ4u//sUqprKvNF8Ii1i5w6ZycbKyV89NSnX9hrdNh0iuJCzIlaijt0lIbNSbIlkLHls2Vb7MDZk8ec= root@ubuntu-bionic
ssh-ed25519 AAAAC3NzaC1lZDI1NTE5AAAAIBlZ/88dqkpMK0YOsnfWrLdwnRpzgvQSuo+2GoPM1Xea root@ubuntu-bionic
ssh-rsa AAAAB3NzaC1yc2EAAAADAQABAAABAQCoDkc7usyvGk69xzEnn0h7N1LC20Y9EQnw7e9k5IYHBSWuU4AVCzJrrTJYjBWxfslZeFyfre29fs0EOjNEtQZuE0+zqyxIIm8TMBdFzdpocLe+ZTeLGpWGeT2YjNJ2wEH1Z6IT7JM65P/2YW6hjhW1bP9RH7pqJ6zPDL67azoMsSXcWsSBAiN8uqK/FwEoRlDSJzBbdRykwpfmLhktZAwFrFW1I1e4O4VI59d1wkbVMRCJsmN8kkB9Duahz+fbxP/9iyqJJv54ZX0+usW9tSiZorI2bI7QGlMux6jcQuzHRJIUxvzgmmq6Eq74U3wYdEVIOzXQW7qzjZXcnsufEKFh root@ubuntu-bionic
-----END SSH HOST KEY KEYS-----
[   26.815630] cloud-init[1449]: Cloud-init v. 22.4.2-0ubuntu0~18.04.1 running 'modules:final' at Wed, 04 Jan 2023 10:18:54 +0000. Up 26.48 seconds.
[   26.815755] cloud-init[1449]: Cloud-init v. 22.4.2-0ubuntu0~18.04.1 finished at Wed, 04 Jan 2023 10:18:54 +0000. Datasource DataSourceNoCloud [seed=/dev/sdb][dsmode=net].  Up 26.77 seconds
